/home/action/node_modules
/home/action/.parts/lib/node_modules
/home/action/.parts/lib/node_modules/npm/node_modules
/home/action/.parts/lib/node_modules/npm/node_modules/request/node_modules
/home/action/.parts/lib/node_modules/npm/node_modules/request/node_modules/form-data/node_modules
/home/action/.parts/lib/node_modules/npm/node_modules/request/node_modules/form-data/node_modules/combined-stream/node_modules
/home/action/.parts/lib/node_modules/npm/node_modules/request/node_modules/hawk/node_modules
/home/action/.parts/lib/node_modules/npm/node_modules/request/node_modules/tough-cookie/node_modules
/home/action/.parts/lib/node_modules/npm/node_modules/request/node_modules/http-signature/node_modules
/home/action/.parts/lib/node_modules/npm/node_modules/read/node_modules
/home/action/.parts/lib/node_modules/npm/node_modules/read-package-json/node_modules
/home/action/.parts/lib/node_modules/npm/node_modules/minimatch/node_modules
/home/action/.parts/lib/node_modules/npm/node_modules/npmconf/node_modules
/home/action/.parts/lib/node_modules/npm/node_modules/npmconf/node_modules/config-chain/node_modules
/home/action/.parts/lib/node_modules/npm/node_modules/sha/node_modules
/home/action/.parts/lib/node_modules/npm/node_modules/fstream-npm/node_modules
/home/action/.parts/lib/node_modules/npm/node_modules/init-package-json/node_modules
/home/action/.parts/packages/nodejs/0.10.26/lib/node_modules
/home/action/.parts/packages/nodejs/0.10.26/lib/node_modules/npm/node_modules
/home/action/.parts/packages/nodejs/0.10.26/lib/node_modules/npm/node_modules/request/node_modules
/home/action/.parts/packages/nodejs/0.10.26/lib/node_modules/npm/node_modules/request/node_modules/form-data/node_modules
/home/action/.parts/packages/nodejs/0.10.26/lib/node_modules/npm/node_modules/request/node_modules/form-data/node_modules/combined-stream/node_modules
/home/action/.parts/packages/nodejs/0.10.26/lib/node_modules/npm/node_modules/request/node_modules/hawk/node_modules
/home/action/.parts/packages/nodejs/0.10.26/lib/node_modules/npm/node_modules/request/node_modules/tough-cookie/node_modules
/home/action/.parts/packages/nodejs/0.10.26/lib/node_modules/npm/node_modules/request/node_modules/http-signature/node_modules
/home/action/.parts/packages/nodejs/0.10.26/lib/node_modules/npm/node_modules/read/node_modules
/home/action/.parts/packages/nodejs/0.10.26/lib/node_modules/npm/node_modules/read-package-json/node_modules
/home/action/.parts/packages/nodejs/0.10.26/lib/node_modules/npm/node_modules/minimatch/node_modules
/home/action/.parts/packages/nodejs/0.10.26/lib/node_modules/npm/node_modules/npmconf/node_modules
/home/action/.parts/packages/nodejs/0.10.26/lib/node_modules/npm/node_modules/npmconf/node_modules/config-chain/node_modules
/home/action/.parts/packages/nodejs/0.10.26/lib/node_modules/npm/node_modules/sha/node_modules
/home/action/.parts/packages/nodejs/0.10.26/lib/node_modules/npm/node_modules/fstream-npm/node_modules
/home/action/.parts/packages/nodejs/0.10.26/lib/node_modules/npm/node_modules/init-package-json/node_modules
